<?xml version="1.0" encoding="UTF-8"?>
<?xml-stylesheet type="text/xsl" href="ivy-report.xsl"?>
<ivy-report version="1.0">
	<info
		organisation="org.scalamacros"
		module="root$sources_javadoc_2.11"
		revision="1.0.0"
		conf="test-internal"
		confs="compile, runtime, test, provided, optional, compile-internal, runtime-internal, test-internal, plugin, sources, docs, pom"
		date="20130723231155"/>
	<dependencies>
		<module organisation="org.scala-lang" name="scala-library">
			<revision name="2.11.0-SNAPSHOT" status="integration" pubdate="20130723224620" resolver="sonatype-snapshots" artresolver="sonatype-snapshots" homepage="http://www.scala-lang.org/" downloaded="false" searched="true" default="false" conf="default(compile), default, compile, runtime, master" position="0">
				<license name="BSD-like" url="http://www.scala-lang.org/downloads/license.html          "/>
				<metadata-artifact status="no" details="" size="2539" time="0" location="C:\Users\tomas\.ivy2\cache\org.scala-lang\scala-library\ivy-2.11.0-SNAPSHOT.xml" searched="true" origin-is-local="false" origin-location="https://oss.sonatype.org/content/repositories/snapshots/org/scala-lang/scala-library/2.11.0-SNAPSHOT/scala-library-2.11.0-20130724.014525-343.pom"/>
				<caller organisation="org.scalamacros" name="root$sources_javadoc_2.11" conf="test-internal, test, optional, compile, provided, runtime" rev="2.11.0-SNAPSHOT" rev-constraint-default="2.11.0-SNAPSHOT" rev-constraint-dynamic="2.11.0-SNAPSHOT" callerrev="1.0.0"/>
				<artifacts>
					<artifact name="scala-library" type="doc" ext="jar" extra-classifier="javadoc" status="no" details="" size="26138312" time="0" location="C:\Users\tomas\.ivy2\cache\org.scala-lang\scala-library\docs\scala-library-2.11.0-SNAPSHOT-javadoc.jar">
						<origin-location is-local="false" location="https://oss.sonatype.org/content/repositories/snapshots/org/scala-lang/scala-library/2.11.0-SNAPSHOT/scala-library-2.11.0-20130723.014645-342-javadoc.jar"/>
					</artifact>
					<artifact name="scala-library" type="src" ext="jar" extra-classifier="sources" status="no" details="" size="877236" time="0" location="C:\Users\tomas\.ivy2\cache\org.scala-lang\scala-library\srcs\scala-library-2.11.0-SNAPSHOT-sources.jar">
						<origin-location is-local="false" location="https://oss.sonatype.org/content/repositories/snapshots/org/scala-lang/scala-library/2.11.0-SNAPSHOT/scala-library-2.11.0-20130723.014645-342-sources.jar"/>
					</artifact>
				</artifacts>
			</revision>
		</module>
	</dependencies>
</ivy-report>
